<?xml version="1.0" encoding="UTF-8"?>
<!-- Generated by org.testng.reporters.JUnitXMLReporter -->
<testsuite ignored="0" hostname="DESKTOP-LU6TJHI" failures="0" tests="6" name="Default test" time="86.57" errors="0" timestamp="2024-04-08T12:20:13 IST">
  <testcase classname="Report_Create.Day1" name="checkbox" time="4.171"/>
  <testcase classname="Report_Create.Day1" name="multiplecheckbox" time="4.152"/>
  <testcase classname="Report_Create.Day1" name="radiobutton" time="4.077"/>
  <testcase classname="Report_Create.Day1" name="multipleradiobutton" time="4.179"/>
  <testcase classname="Report_Create.Day1" name="textbox" time="4.095"/>
  <testcase classname="Report_Create.Day1" name="dropdown" time="4.169"/>
</testsuite> <!-- Default test -->
