<?xml version="1.0" encoding="UTF-8"?>
<testng-results ignored="0" total="6" passed="6" failed="0" skipped="0">
  <reporter-output>
  </reporter-output>
  <suite started-at="2024-04-08T12:18:46 IST" name="Default suite" finished-at="2024-04-08T12:20:13 IST" duration-ms="86570">
    <groups>
    </groups>
    <test started-at="2024-04-08T12:18:46 IST" name="Default test" finished-at="2024-04-08T12:20:13 IST" duration-ms="86570">
      <class name="Report_Create.Day1">
        <test-method is-config="true" signature="reportgenerate()[pri:0, instance:Report_Create.Day1@384ad17b]" started-at="2024-04-08T12:18:46 IST" name="reportgenerate" finished-at="2024-04-08T12:18:46 IST" duration-ms="231" status="PASS">
          <reporter-output>
          </reporter-output>
        </test-method> <!-- reportgenerate -->
        <test-method is-config="true" signature="setup()[pri:0, instance:Report_Create.Day1@384ad17b]" started-at="2024-04-08T12:18:46 IST" name="setup" finished-at="2024-04-08T12:19:02 IST" duration-ms="15529" status="PASS">
          <reporter-output>
          </reporter-output>
        </test-method> <!-- setup -->
        <test-method signature="checkbox()[pri:0, instance:Report_Create.Day1@384ad17b]" started-at="2024-04-08T12:19:02 IST" name="checkbox" finished-at="2024-04-08T12:19:06 IST" duration-ms="4171" status="PASS">
          <reporter-output>
          </reporter-output>
        </test-method> <!-- checkbox -->
        <test-method is-config="true" signature="teardown()[pri:0, instance:Report_Create.Day1@384ad17b]" started-at="2024-04-08T12:19:06 IST" name="teardown" finished-at="2024-04-08T12:19:06 IST" duration-ms="195" status="PASS">
          <reporter-output>
          </reporter-output>
        </test-method> <!-- teardown -->
        <test-method is-config="true" signature="setup()[pri:0, instance:Report_Create.Day1@384ad17b]" started-at="2024-04-08T12:19:06 IST" name="setup" finished-at="2024-04-08T12:19:15 IST" duration-ms="9055" status="PASS">
          <reporter-output>
          </reporter-output>
        </test-method> <!-- setup -->
        <test-method signature="multiplecheckbox()[pri:1, instance:Report_Create.Day1@384ad17b]" started-at="2024-04-08T12:19:15 IST" name="multiplecheckbox" finished-at="2024-04-08T12:19:20 IST" duration-ms="4152" status="PASS">
          <reporter-output>
          </reporter-output>
        </test-method> <!-- multiplecheckbox -->
        <test-method is-config="true" signature="teardown()[pri:0, instance:Report_Create.Day1@384ad17b]" started-at="2024-04-08T12:19:20 IST" name="teardown" finished-at="2024-04-08T12:19:20 IST" duration-ms="121" status="PASS">
          <reporter-output>
          </reporter-output>
        </test-method> <!-- teardown -->
        <test-method is-config="true" signature="setup()[pri:0, instance:Report_Create.Day1@384ad17b]" started-at="2024-04-08T12:19:20 IST" name="setup" finished-at="2024-04-08T12:19:29 IST" duration-ms="9017" status="PASS">
          <reporter-output>
          </reporter-output>
        </test-method> <!-- setup -->
        <test-method signature="radiobutton()[pri:2, instance:Report_Create.Day1@384ad17b]" started-at="2024-04-08T12:19:29 IST" name="radiobutton" finished-at="2024-04-08T12:19:33 IST" duration-ms="4077" status="PASS">
          <reporter-output>
          </reporter-output>
        </test-method> <!-- radiobutton -->
        <test-method is-config="true" signature="teardown()[pri:0, instance:Report_Create.Day1@384ad17b]" started-at="2024-04-08T12:19:33 IST" name="teardown" finished-at="2024-04-08T12:19:33 IST" duration-ms="160" status="PASS">
          <reporter-output>
          </reporter-output>
        </test-method> <!-- teardown -->
        <test-method is-config="true" signature="setup()[pri:0, instance:Report_Create.Day1@384ad17b]" started-at="2024-04-08T12:19:33 IST" name="setup" finished-at="2024-04-08T12:19:42 IST" duration-ms="8710" status="PASS">
          <reporter-output>
          </reporter-output>
        </test-method> <!-- setup -->
        <test-method signature="multipleradiobutton()[pri:3, instance:Report_Create.Day1@384ad17b]" started-at="2024-04-08T12:19:42 IST" name="multipleradiobutton" finished-at="2024-04-08T12:19:46 IST" duration-ms="4179" status="PASS">
          <reporter-output>
          </reporter-output>
        </test-method> <!-- multipleradiobutton -->
        <test-method is-config="true" signature="teardown()[pri:0, instance:Report_Create.Day1@384ad17b]" started-at="2024-04-08T12:19:46 IST" name="teardown" finished-at="2024-04-08T12:19:46 IST" duration-ms="144" status="PASS">
          <reporter-output>
          </reporter-output>
        </test-method> <!-- teardown -->
        <test-method is-config="true" signature="setup()[pri:0, instance:Report_Create.Day1@384ad17b]" started-at="2024-04-08T12:19:46 IST" name="setup" finished-at="2024-04-08T12:19:55 IST" duration-ms="8605" status="PASS">
          <reporter-output>
          </reporter-output>
        </test-method> <!-- setup -->
        <test-method signature="textbox()[pri:4, instance:Report_Create.Day1@384ad17b]" started-at="2024-04-08T12:19:55 IST" name="textbox" finished-at="2024-04-08T12:19:59 IST" duration-ms="4095" status="PASS">
          <reporter-output>
          </reporter-output>
        </test-method> <!-- textbox -->
        <test-method is-config="true" signature="teardown()[pri:0, instance:Report_Create.Day1@384ad17b]" started-at="2024-04-08T12:19:59 IST" name="teardown" finished-at="2024-04-08T12:19:59 IST" duration-ms="157" status="PASS">
          <reporter-output>
          </reporter-output>
        </test-method> <!-- teardown -->
        <test-method is-config="true" signature="setup()[pri:0, instance:Report_Create.Day1@384ad17b]" started-at="2024-04-08T12:19:59 IST" name="setup" finished-at="2024-04-08T12:20:08 IST" duration-ms="9012" status="PASS">
          <reporter-output>
          </reporter-output>
        </test-method> <!-- setup -->
        <test-method signature="dropdown()[pri:5, instance:Report_Create.Day1@384ad17b]" started-at="2024-04-08T12:20:08 IST" name="dropdown" finished-at="2024-04-08T12:20:12 IST" duration-ms="4169" status="PASS">
          <reporter-output>
          </reporter-output>
        </test-method> <!-- dropdown -->
        <test-method is-config="true" signature="teardown()[pri:0, instance:Report_Create.Day1@384ad17b]" started-at="2024-04-08T12:20:12 IST" name="teardown" finished-at="2024-04-08T12:20:12 IST" duration-ms="149" status="PASS">
          <reporter-output>
          </reporter-output>
        </test-method> <!-- teardown -->
        <test-method is-config="true" signature="reportflush()[pri:0, instance:Report_Create.Day1@384ad17b]" started-at="2024-04-08T12:20:12 IST" name="reportflush" finished-at="2024-04-08T12:20:13 IST" duration-ms="542" status="PASS">
          <reporter-output>
          </reporter-output>
        </test-method> <!-- reportflush -->
      </class> <!-- Report_Create.Day1 -->
    </test> <!-- Default test -->
  </suite> <!-- Default suite -->
</testng-results>
